\BOOKMARK [1][-]{section.1}{\376\377\0001\000\040\000T\000r\000e\000e\000s\000,\000\040\000t\000e\000r\000m\000s\000\040\000a\000n\000d\000\040\000t\000h\000e\000i\000r\000\040\000f\000u\000n\000c\000t\000i\000o\000n\000s}{}% 1
\BOOKMARK [2][-]{subsection.1.1}{\376\377\0001\000.\0001\000\040\000F\000i\000r\000s\000t\000-\000o\000r\000d\000e\000r\000\040\000l\000o\000g\000i\000c\000\040\000a\000n\000d\000\040\000t\000r\000a\000n\000s\000d\000u\000c\000t\000i\000o\000n\000s}{section.1}% 2
\BOOKMARK [1][-]{section.2}{\376\377\0002\000\040\000F\000i\000r\000s\000t\000-\000o\000r\000d\000e\000r\000\040\000t\000e\000r\000m\000\040\000f\000u\000n\000c\000t\000i\000o\000n\000s}{}% 3
\BOOKMARK [2][-]{subsection.2.1}{\376\377\0002\000.\0001\000\040\000T\000e\000r\000m\000s}{section.2}% 4
\BOOKMARK [2][-]{subsection.2.2}{\376\377\0002\000.\0002\000\040\000T\000y\000p\000e\000s}{section.2}% 5
\BOOKMARK [2][-]{subsection.2.3}{\376\377\0002\000.\0003\000\040\000A\000t\000o\000m\000i\000c\000\040\000f\000u\000n\000c\000t\000i\000o\000n\000s\000\040\000a\000n\000d\000\040\000c\000o\000m\000b\000i\000n\000a\000t\000o\000r\000s}{section.2}% 6
\BOOKMARK [2][-]{subsection.2.4}{\376\377\0002\000.\0004\000\040\000T\000h\000e\000\040\000a\000t\000o\000m\000i\000c\000\040\000f\000u\000n\000c\000t\000i\000o\000n\000s\000\040\000a\000n\000d\000\040\000c\000o\000m\000b\000i\000n\000a\000t\000o\000r\000s\000\040\000f\000o\000r\000\040\000t\000e\000r\000m\000s}{section.2}% 7
\BOOKMARK [1][-]{section.3}{\376\377\0003\000\040\000P\000r\000o\000o\000f\000\040\000s\000t\000r\000a\000t\000e\000g\000y}{}% 8
\BOOKMARK [1][-]{section.4}{\376\377\0004\000\040\000A\000t\000o\000m\000i\000c\000\040\000f\000u\000n\000c\000t\000i\000o\000n\000s\000\040\000a\000n\000d\000\040\000c\000o\000m\000b\000i\000n\000a\000t\000o\000r\000s\000\040\000t\000o\000\040\000f\000i\000r\000s\000t\000-\000o\000r\000d\000e\000r\000\040\000t\000r\000a\000n\000s\000d\000u\000c\000t\000i\000o\000n\000s}{}% 9
\BOOKMARK [1][-]{section.5}{\376\377\0005\000\040\000F\000i\000r\000s\000t\000-\000o\000r\000d\000e\000r\000\040\000r\000a\000t\000i\000o\000n\000a\000l\000\040\000t\000r\000e\000e\000\040\000f\000u\000n\000c\000t\000i\000o\000n\000s}{}% 10
\BOOKMARK [1][-]{section.6}{\376\377\0006\000\040\000S\000t\000r\000e\000a\000m\000i\000n\000g\000\040\000t\000r\000e\000e\000\040\000t\000r\000a\000n\000s\000d\000u\000c\000e\000r\000s}{}% 11
\BOOKMARK [1][-]{section.7}{\376\377\0007\000\040\000S\000t\000r\000e\000a\000m\000i\000n\000g\000\040\000t\000r\000e\000e\000\040\000t\000r\000a\000n\000s\000d\000u\000c\000e\000r\000s\000\040\000w\000i\000t\000h\000\040\000o\000n\000e\000\040\000r\000e\000g\000i\000s\000t\000e\000r}{}% 12
\BOOKMARK [1][-]{section.8}{\376\377\0008\000\040\000R\000e\000d\000u\000c\000t\000i\000o\000n\000\040\000t\000o\000\040\000o\000n\000e\000\040\000r\000e\000g\000i\000s\000t\000e\000r}{}% 13
\BOOKMARK [1][-]{appendix.A}{\376\377\000A\000\040\000F\000i\000r\000s\000t\000-\000o\000r\000d\000e\000r\000\040\000t\000e\000r\000m\000\040\000f\000u\000n\000c\000t\000i\000o\000n\000s\000\040\000c\000a\000n\000\040\000b\000e\000\040\000d\000e\000s\000c\000r\000i\000b\000e\000d\000\040\000i\000n\000\040\000l\000o\000g\000i\000c}{}% 14
\BOOKMARK [1][-]{appendix.B}{\376\377\000B\000\040\000A\000p\000p\000e\000n\000d\000i\000x\000\040\000o\000n\000\040\000f\000i\000r\000s\000t\000-\000o\000r\000d\000e\000r\000\040\000r\000a\000t\000i\000o\000n\000a\000l\000\040\000t\000r\000e\000e\000\040\000f\000u\000n\000c\000t\000i\000o\000n\000s}{}% 15
\BOOKMARK [1][-]{appendix.C}{\376\377\000C\000\040\000E\000v\000a\000l\000u\000a\000t\000i\000o\000n\000\040\000o\000f\000\040\000-\000t\000e\000r\000m\000s}{}% 16
\BOOKMARK [2][-]{subsection.C.1}{\376\377\000C\000.\0001\000\040\000A\000\040\000n\000a\000i\000v\000e\000\040\000p\000r\000e\000s\000e\000n\000t\000a\000t\000i\000o\000n\000\040\000o\000f\000\040\000-\000t\000e\000r\000m\000s}{appendix.C}% 17
\BOOKMARK [2][-]{subsection.C.2}{\376\377\000C\000.\0002\000\040\000\040\000t\000e\000r\000m\000s\000\040\000w\000i\000t\000h\000\040\000a\000\040\000b\000o\000u\000n\000d\000\040\000s\000e\000t\000\040\000o\000f\000\040\000\050\000s\000u\000b\000\051\000-\000t\000y\000p\000e\000s}{appendix.C}% 18
\BOOKMARK [2][-]{subsection.C.3}{\376\377\000C\000.\0003\000\040\000E\000v\000a\000l\000u\000a\000t\000i\000o\000n\000\040\000o\000f\000\040\000t\000h\000i\000n\000\040\000-\000t\000e\000r\000m\000s}{appendix.C}% 19
\BOOKMARK [2][-]{subsection.C.4}{\376\377\000C\000.\0004\000\040\000-\000r\000e\000d\000u\000c\000t\000i\000o\000n\000\040\000c\000o\000m\000m\000u\000t\000e\000s\000\040\000w\000i\000t\000h\000\040\000f\000a\000c\000t\000o\000r\000i\000z\000a\000t\000i\000o\000n\000.}{appendix.C}% 20
\BOOKMARK [2][-]{subsection.C.5}{\376\377\000C\000.\0005\000\040\000F\000a\000c\000t\000o\000r\000i\000z\000i\000n\000g\000\040\000-\000t\000e\000r\000m\000s\000\040\000i\000n\000t\000o\000\040\000b\000l\000o\000c\000k\000s\000\040\000o\000f\000\040\000t\000h\000i\000n\000\040\000-\000t\000e\000r\000m\000s\000.}{appendix.C}% 21
